<?xml version="1.0" encoding="UTF-8"?>
<!-- Generated by org.testng.reporters.JUnitXMLReporter -->
<testsuite ignored="3" hostname="DESKTOP-91HRFE0" failures="0" tests="2" name="Default test" time="62.746" errors="0" timestamp="2023-01-17T10:40:04 IST">
  <testcase classname="Test.EventsPageTest" name="displayLogo" time="0.082"/>
  <testcase classname="Test.EventsPageTest" name="EventsAdd" time="62.536"/>
  <testcase classname="Test.EventsPageTest" name="EventsEdit" time="0.0">
    <ignored/>
  </testcase> <!-- EventsEdit -->
  <testcase classname="Test.EventsPageTest" name="EventsDelete" time="0.0">
    <ignored/>
  </testcase> <!-- EventsDelete -->
  <testcase classname="Test.EventsPageTest" name="PaginationTest" time="0.0">
    <ignored/>
  </testcase> <!-- PaginationTest -->
</testsuite> <!-- Default test -->
